<?xml version="1.0" encoding="UTF-8"?>
<!-- Generated by org.testng.reporters.JUnitXMLReporter -->
<testsuite hostname="LAPTOP-MB80RPKK" ignored="0" name="Test" tests="4" failures="0" timestamp="2020-05-21T10:59:45 IST" time="113.019" errors="0">
  <testcase name="basePageNavigation" time="34.286" classname="framework.frameworkbuilding.HomePage"/>
  <testcase name="basePageNavigation" time="21.026" classname="framework.frameworkbuilding.HomePage"/>
  <testcase name="isPresentMenuBar" time="15.352" classname="framework.frameworkbuilding.MenuBarPresent"/>
  <testcase name="getHeadingOfCourses" time="19.355" classname="framework.frameworkbuilding.VerifyTitle"/>
</testsuite> <!-- Test -->
