<?xml version="1.0" encoding="UTF-8"?>
<!-- Generated by org.testng.reporters.JUnitXMLReporter -->
<testsuite hostname="LAPTOP-MB80RPKK" ignored="0" name="Test" tests="4" failures="0" timestamp="2020-06-10T09:22:20 IST" time="99.147" errors="0">
  <testcase name="basePageNavigation" time="20.824" classname="framework.frameworkbuilding.HomePage"/>
  <testcase name="basePageNavigation" time="7.652" classname="framework.frameworkbuilding.HomePage"/>
  <testcase name="isPresentMenuBar" time="11.988" classname="framework.frameworkbuilding.MenuBarPresent"/>
  <testcase name="getHeadingOfCourses" time="24.038" classname="framework.frameworkbuilding.VerifyTitle"/>
</testsuite> <!-- Test -->
