<?xml version="1.0" encoding="UTF-8"?>
<!-- Generated by org.testng.reporters.JUnitXMLReporter -->
<testsuite hostname="LAPTOP-MB80RPKK" ignored="0" name="verifyTitle" tests="1" failures="1" timestamp="2020-06-10T18:08:19 IST" time="23.449" errors="0">
  <testcase name="getHeadingOfCourses" time="0.058" classname="framework.frameworkbuilding.VerifyTitle">
    <failure type="java.lang.AssertionError" message="expected [FEATURE COURSES] but found [FEATURED COURSES]">
      <![CDATA[java.lang.AssertionError: expected [FEATURE COURSES] but found [FEATURED COURSES]
at framework.frameworkbuilding.VerifyTitle.getHeadingOfCourses(VerifyTitle.java:31)
at java.util.ArrayList.forEach(ArrayList.java:1234)
... Removed 33 stack frames]]>
    </failure>
  </testcase> <!-- getHeadingOfCourses -->
</testsuite> <!-- verifyTitle -->
