<?xml version="1.0" encoding="UTF-8"?>
<!-- Generated by org.testng.reporters.JUnitXMLReporter -->
<testsuite hostname="LAPTOP-MB80RPKK" ignored="0" name="Test" tests="4" failures="0" timestamp="2020-05-29T06:18:21 IST" time="174.543" errors="0">
  <testcase name="basePageNavigation" time="57.634" classname="framework.frameworkbuilding.HomePage"/>
  <testcase name="basePageNavigation" time="36.234" classname="framework.frameworkbuilding.HomePage"/>
  <testcase name="isPresentMenuBar" time="17.609" classname="framework.frameworkbuilding.MenuBarPresent"/>
  <testcase name="getHeadingOfCourses" time="32.141" classname="framework.frameworkbuilding.VerifyTitle"/>
</testsuite> <!-- Test -->
