<?xml version="1.0" encoding="UTF-8"?>
<testsuite xmlns:xsi="http://www.w3.org/2001/XMLSchema-instance" xsi:noNamespaceSchemaLocation="https://maven.apache.org/surefire/maven-surefire-plugin/xsd/surefire-test-report-3.0.xsd" version="3.0" name="TestSuite" time="177.692" tests="4" errors="0" skipped="0" failures="0">
  <properties>
[...]
</properties>
  <testcase name="basePageNavigation" classname="framework.frameworkbuilding.HomePage" time="57.638"/>
  <testcase name="basePageNavigation" classname="framework.frameworkbuilding.HomePage" time="36.222"/>
  <testcase name="isPresentMenuBar" classname="framework.frameworkbuilding.MenuBarPresent" time="17.609"/>
  <testcase name="getHeadingOfCourses" classname="framework.frameworkbuilding.VerifyTitle" time="32.14"/>
</testsuite>