<?xml version="1.0" encoding="UTF-8"?>
<testng-results skipped="0" failed="0" ignored="0" total="4" passed="4">
  <reporter-output>
  </reporter-output>
  <suite name="Suite" duration-ms="113019" started-at="2020-05-21T10:57:52 IST" finished-at="2020-05-21T10:59:45 IST">
    <groups>
    </groups>
    <test name="Test" duration-ms="113019" started-at="2020-05-21T10:57:52 IST" finished-at="2020-05-21T10:59:45 IST">
      <class name="framework.frameworkbuilding.VerifyTitle">
        <test-method status="PASS" signature="getHeadingOfCourses()[pri:0, instance:framework.frameworkbuilding.VerifyTitle@35047d03]" name="getHeadingOfCourses" duration-ms="19355" started-at="2020-05-21T10:59:03 IST" finished-at="2020-05-21T10:59:22 IST">
          <reporter-output>
          </reporter-output>
        </test-method> <!-- getHeadingOfCourses -->
        <test-method status="PASS" signature="closeDriver()[pri:0, instance:framework.frameworkbuilding.VerifyTitle@35047d03]" name="closeDriver" is-config="true" duration-ms="6759" started-at="2020-05-21T10:59:39 IST" finished-at="2020-05-21T10:59:45 IST">
          <reporter-output>
          </reporter-output>
        </test-method> <!-- closeDriver -->
      </class> <!-- framework.frameworkbuilding.VerifyTitle -->
      <class name="framework.frameworkbuilding.HomePage">
        <test-method status="PASS" signature="basePageNavigation(java.lang.String, java.lang.String)[pri:0, instance:framework.frameworkbuilding.HomePage@2473d930]" name="basePageNavigation" duration-ms="34286" started-at="2020-05-21T10:57:52 IST" data-provider="getData" finished-at="2020-05-21T10:58:27 IST">
          <params>
            <param index="0">
              <value>
                <![CDATA[vandan@gmail.com]]>
              </value>
            </param>
            <param index="1">
              <value>
                <![CDATA[password]]>
              </value>
            </param>
          </params>
          <reporter-output>
          </reporter-output>
        </test-method> <!-- basePageNavigation -->
        <test-method status="PASS" signature="basePageNavigation(java.lang.String, java.lang.String)[pri:0, instance:framework.frameworkbuilding.HomePage@2473d930]" name="basePageNavigation" duration-ms="21026" started-at="2020-05-21T10:58:27 IST" data-provider="getData" finished-at="2020-05-21T10:58:48 IST">
          <params>
            <param index="0">
              <value>
                <![CDATA[mishra@gmail.com]]>
              </value>
            </param>
            <param index="1">
              <value>
                <![CDATA[passwordmishra]]>
              </value>
            </param>
          </params>
          <reporter-output>
          </reporter-output>
        </test-method> <!-- basePageNavigation -->
        <test-method status="PASS" signature="closeDriver()[pri:0, instance:framework.frameworkbuilding.HomePage@2473d930]" name="closeDriver" is-config="true" duration-ms="11154" started-at="2020-05-21T10:59:22 IST" finished-at="2020-05-21T10:59:34 IST">
          <reporter-output>
          </reporter-output>
        </test-method> <!-- closeDriver -->
      </class> <!-- framework.frameworkbuilding.HomePage -->
      <class name="framework.frameworkbuilding.MenuBarPresent">
        <test-method status="PASS" signature="isPresentMenuBar()[pri:0, instance:framework.frameworkbuilding.MenuBarPresent@49b0b76]" name="isPresentMenuBar" duration-ms="15352" started-at="2020-05-21T10:58:48 IST" finished-at="2020-05-21T10:59:03 IST">
          <reporter-output>
          </reporter-output>
        </test-method> <!-- isPresentMenuBar -->
        <test-method status="PASS" signature="closeDriver()[pri:0, instance:framework.frameworkbuilding.MenuBarPresent@49b0b76]" name="closeDriver" is-config="true" duration-ms="4990" started-at="2020-05-21T10:59:34 IST" finished-at="2020-05-21T10:59:39 IST">
          <reporter-output>
          </reporter-output>
        </test-method> <!-- closeDriver -->
      </class> <!-- framework.frameworkbuilding.MenuBarPresent -->
    </test> <!-- Test -->
  </suite> <!-- Suite -->
</testng-results>
